0 info it worked if it ends with ok
1 verbose cli [ '/home/y/libexec/node',
1 verbose cli   '/home/y/share/node/npm/bin/npm-cli.js',
1 verbose cli   'install',
1 verbose cli   '-g',
1 verbose cli   'phantomjs' ]
2 info using npm@1.2.17-6
3 info using node@v0.10.11
4 verbose url raw /-/y/info
5 verbose url resolving [ 'http://ynpm-registry.corp.yahoo.com:4080/', './-/y/info' ]
6 verbose url resolved http://ynpm-registry.corp.yahoo.com:4080/-/y/info
7 info trying registry request attempt 1 at 16:57:27
8 http GET http://ynpm-registry.corp.yahoo.com:4080/-/y/info
9 http 200 http://ynpm-registry.corp.yahoo.com:4080/-/y/info
10 silly serverInfo { name: 'ynpm registry',
10 silly serverInfo   description: 'Yahoo! Internal npm registry',
10 silly serverInfo   apiVersion: '1.0.0',
10 silly serverInfo   version: '1.0.0',
10 silly serverInfo   nodeVersion: 'v0.10.5',
10 silly serverInfo   useDistStore: true,
10 silly serverInfo   useDistInstall: true,
10 silly serverInfo   distServer: { host: 'dist.corp.yahoo.com', port: 80 },
10 silly serverInfo   swVersion: '1.9.0',
10 silly serverInfo   isYahoo: true }
11 verbose read json /home/y/lib/package.json
12 verbose read json /home/y/lib/package.json
13 verbose cache add [ 'phantomjs', null ]
14 verbose cache add name=undefined spec="phantomjs" args=["phantomjs",null]
15 verbose parsed url { protocol: null,
15 verbose parsed url   slashes: null,
15 verbose parsed url   auth: null,
15 verbose parsed url   host: null,
15 verbose parsed url   port: null,
15 verbose parsed url   hostname: null,
15 verbose parsed url   hash: null,
15 verbose parsed url   search: null,
15 verbose parsed url   query: null,
15 verbose parsed url   pathname: 'phantomjs',
15 verbose parsed url   path: 'phantomjs',
15 verbose parsed url   href: 'phantomjs' }
16 silly lockFile 30d7cd7d-phantomjs phantomjs
17 verbose lock phantomjs /home/y/tmp/.npm/30d7cd7d-phantomjs.lock
18 silly lockFile 30d7cd7d-phantomjs phantomjs
19 silly lockFile 30d7cd7d-phantomjs phantomjs
20 verbose addNamed [ 'phantomjs', '' ]
21 verbose addNamed [ null, '' ]
22 silly lockFile 29cf7fd6-phantomjs phantomjs@
23 verbose lock phantomjs@ /home/y/tmp/.npm/29cf7fd6-phantomjs.lock
24 silly addNameRange { name: 'phantomjs', range: '', hasData: false }
25 verbose url raw phantomjs
26 verbose url resolving [ 'http://ynpm-registry.corp.yahoo.com:4080/', './phantomjs' ]
27 verbose url resolved http://ynpm-registry.corp.yahoo.com:4080/phantomjs
28 info trying registry request attempt 1 at 16:57:27
29 http GET http://ynpm-registry.corp.yahoo.com:4080/phantomjs
30 http 404 http://ynpm-registry.corp.yahoo.com:4080/phantomjs
31 silly registry.get cb [ 404,
31 silly registry.get   { date: 'Mon, 16 Sep 2013 23:57:27 GMT',
31 silly registry.get     'content-type': 'text/plain',
31 silly registry.get     'x-frame-options': 'SAMEORIGIN',
31 silly registry.get     'x-content-type-options': 'NOSNIFF',
31 silly registry.get     'x-xss-protection': '1; mode=block',
31 silly registry.get     server: 'YTS/1.19.11',
31 silly registry.get     age: '0',
31 silly registry.get     'transfer-encoding': 'chunked',
31 silly registry.get     connection: 'keep-alive' } ]
32 silly lockFile 29cf7fd6-phantomjs phantomjs@
33 silly lockFile 29cf7fd6-phantomjs phantomjs@
34 error 404 'phantomjs' is not in the npm registry.
34 error 404 You should bug the author to publish it
34 error 404
34 error 404 Note that you can also install from a
34 error 404 tarball, folder, or http url, or git url.
35 error System Linux 2.6.18-238.12.1.el5
36 error command "/home/y/libexec/node" "/home/y/share/node/npm/bin/npm-cli.js" "install" "-g" "phantomjs"
37 error cwd /git-data/yui3-gallery-modules/src/gallery-nav-assist
38 error node -v v0.10.11
39 error npm -v 1.2.17-6
40 error code E404
41 verbose exit [ 1, true ]
